{
  "RSpec": {
    "coverage": {
      "/Users/Jacob/theironyard/week_eight/thursday/game_tracker/spec/controllers/collections_controller_spec.rb": [
        1,
        null,
        1,
        null,
        null
      ],
      "/Users/Jacob/theironyard/week_eight/thursday/game_tracker/spec/rails_helper.rb": [
        null,
        1,
        1,
        1,
        1,
        null,
        null,
        null,
        null,
        null,
        null,
        null,
        null,
        null,
        null,
        null,
        null,
        null,
        null,
        null,
        null,
        null,
        null,
        null,
        1,
        null,
        1,
        null,
        1,
        null,
        null,
        null,
        null,
        1,
        null,
        null,
        null,
        null,
        null,
        null,
        null,
        null,
        null,
        null,
        null,
        null,
        null,
        null,
        1,
        null
      ],
      "/Users/Jacob/theironyard/week_eight/thursday/game_tracker/config/environment.rb": [
        null,
        1,
        null,
        null,
        1
      ],
      "/Users/Jacob/theironyard/week_eight/thursday/game_tracker/config/application.rb": [
        1,
        null,
        null,
        1,
        1,
        1,
        1,
        1,
        1,
        1,
        null,
        null,
        null,
        null,
        1,
        null,
        1,
        1,
        null,
        null,
        null,
        null,
        null,
        null,
        null,
        null,
        null,
        null,
        null,
        null,
        null,
        1,
        1,
        1,
        null,
        null
      ],
      "/Users/Jacob/theironyard/week_eight/thursday/game_tracker/config/boot.rb": [
        1,
        null,
        1
      ],
      "/Users/Jacob/theironyard/week_eight/thursday/game_tracker/config/environments/test.rb": [
        1,
        null,
        null,
        null,
        null,
        null,
        null,
        1,
        null,
        null,
        null,
        null,
        1,
        null,
        null,
        1,
        1,
        null,
        null,
        1,
        1,
        null,
        null,
        1,
        null,
        null,
        1,
        null,
        null,
        null,
        null,
        1,
        null,
        null,
        1,
        null,
        null,
        1,
        null,
        null,
        null,
        null
      ],
      "/Users/Jacob/theironyard/week_eight/thursday/game_tracker/config/initializers/assets.rb": [
        null,
        null,
        null,
        1,
        null,
        null,
        null,
        null,
        null,
        null,
        null
      ],
      "/Users/Jacob/theironyard/week_eight/thursday/game_tracker/config/initializers/backtrace_silencers.rb": [
        null,
        null,
        null,
        null,
        null,
        null,
        null
      ],
      "/Users/Jacob/theironyard/week_eight/thursday/game_tracker/config/initializers/cookies_serializer.rb": [
        null,
        null,
        1
      ],
      "/Users/Jacob/theironyard/week_eight/thursday/game_tracker/config/initializers/devise.rb": [
        null,
        null,
        1,
        null,
        null,
        null,
        null,
        null,
        null,
        null,
        null,
        null,
        1,
        null,
        null,
        null,
        null,
        null,
        null,
        null,
        null,
        1,
        null,
        null,
        null,
        null,
        null,
        null,
        null,
        null,
        null,
        null,
        null,
        null,
        null,
        null,
        null,
        null,
        null,
        null,
        null,
        null,
        null,
        1,
        null,
        null,
        null,
        null,
        1,
        null,
        null,
        null,
        null,
        null,
        null,
        null,
        null,
        null,
        null,
        null,
        null,
        null,
        null,
        null,
        null,
        null,
        null,
        null,
        null,
        null,
        null,
        null,
        null,
        null,
        null,
        null,
        null,
        null,
        null,
        1,
        null,
        null,
        null,
        null,
        null,
        null,
        null,
        null,
        null,
        null,
        null,
        null,
        null,
        null,
        null,
        null,
        1,
        null,
        null,
        null,
        null,
        null,
        null,
        null,
        null,
        null,
        null,
        null,
        null,
        null,
        null,
        null,
        null,
        null,
        null,
        null,
        null,
        null,
        null,
        null,
        null,
        1,
        null,
        null,
        null,
        null,
        null,
        null,
        null,
        null,
        null,
        1,
        null,
        null,
        null,
        null,
        null,
        null,
        null,
        null,
        null,
        null,
        1,
        null,
        null,
        null,
        null,
        null,
        null,
        null,
        null,
        null,
        null,
        null,
        null,
        null,
        null,
        null,
        null,
        null,
        null,
        null,
        null,
        null,
        null,
        null,
        null,
        null,
        null,
        null,
        null,
        null,
        null,
        null,
        null,
        null,
        null,
        null,
        null,
        null,
        null,
        null,
        null,
        null,
        null,
        null,
        null,
        null,
        null,
        null,
        null,
        1,
        null,
        null,
        null,
        null,
        null,
        null,
        null,
        null,
        null,
        null,
        null,
        null,
        null,
        null,
        null,
        null,
        null,
        null,
        null,
        null,
        null,
        null,
        null,
        null,
        null,
        null,
        null,
        null,
        null,
        null,
        null,
        null,
        null,
        null,
        null,
        null,
        null,
        1,
        null,
        null,
        null,
        null,
        null,
        null,
        null,
        null,
        null,
        null,
        null,
        null,
        null,
        null,
        null,
        null,
        null,
        null,
        null,
        null,
        null,
        null,
        null,
        null,
        null,
        null,
        null,
        null,
        null
      ],
      "/Users/Jacob/theironyard/week_eight/thursday/game_tracker/config/initializers/filter_parameter_logging.rb": [
        null,
        null,
        null,
        1
      ],
      "/Users/Jacob/theironyard/week_eight/thursday/game_tracker/config/initializers/inflections.rb": [
        null,
        null,
        null,
        null,
        null,
        null,
        null,
        null,
        null,
        null,
        null,
        null,
        null,
        null,
        null,
        null
      ],
      "/Users/Jacob/theironyard/week_eight/thursday/game_tracker/config/initializers/mime_types.rb": [
        null,
        null,
        null,
        null
      ],
      "/Users/Jacob/theironyard/week_eight/thursday/game_tracker/config/initializers/session_store.rb": [
        null,
        null,
        1
      ],
      "/Users/Jacob/theironyard/week_eight/thursday/game_tracker/config/initializers/wrap_parameters.rb": [
        null,
        null,
        null,
        null,
        null,
        null,
        1,
        1,
        null,
        null,
        null,
        null,
        null,
        null
      ],
      "/Users/Jacob/theironyard/week_eight/thursday/game_tracker/config/routes.rb": [
        1,
        1,
        1,
        1,
        null,
        1,
        1,
        null,
        null,
        1,
        1,
        null,
        null,
        null,
        null,
        null,
        null,
        null,
        null,
        null,
        null,
        null,
        null,
        null,
        null,
        null,
        null,
        null,
        null,
        null,
        null,
        null,
        null,
        null,
        null,
        null,
        null,
        null,
        null,
        null,
        null,
        null,
        null,
        null,
        null,
        null,
        null,
        null,
        null,
        null,
        null,
        null,
        null,
        null,
        null,
        null,
        null,
        null,
        null,
        null,
        null,
        null,
        null,
        null,
        null,
        null,
        null
      ],
      "/Users/Jacob/theironyard/week_eight/thursday/game_tracker/app/models/user.rb": [
        1,
        null,
        null,
        1,
        null,
        1,
        1,
        1,
        1,
        null
      ],
      "/Users/Jacob/theironyard/week_eight/thursday/game_tracker/app/helpers/application_helper.rb": [
        1,
        null
      ],
      "/Users/Jacob/theironyard/week_eight/thursday/game_tracker/app/helpers/collections_helper.rb": [
        1,
        null
      ],
      "/Users/Jacob/theironyard/week_eight/thursday/game_tracker/app/helpers/static_helper.rb": [
        1,
        null
      ],
      "/Users/Jacob/theironyard/week_eight/thursday/game_tracker/app/helpers/users_helper.rb": [
        1,
        null
      ],
      "/Users/Jacob/theironyard/week_eight/thursday/game_tracker/app/helpers/wants_helper.rb": [
        1,
        null
      ],
      "/Users/Jacob/theironyard/week_eight/thursday/game_tracker/app/controllers/collections_controller.rb": [
        1,
        1,
        1,
        0,
        0,
        0,
        null,
        0,
        null,
        null,
        null,
        1,
        0,
        0,
        null,
        0,
        null,
        null,
        null,
        1,
        null,
        null,
        null,
        null,
        1,
        0,
        null,
        null,
        1,
        0,
        null,
        null,
        null,
        null,
        null,
        null,
        null,
        null,
        null,
        null
      ],
      "/Users/Jacob/theironyard/week_eight/thursday/game_tracker/app/controllers/application_controller.rb": [
        1,
        null,
        null,
        1,
        1,
        1,
        null,
        1,
        null,
        1,
        0,
        null,
        null
      ],
      "/Users/Jacob/theironyard/week_eight/thursday/game_tracker/spec/controllers/static_controller_spec.rb": [
        1,
        null,
        1,
        null,
        1,
        1,
        1,
        0,
        null,
        null,
        null,
        null
      ],
      "/Users/Jacob/theironyard/week_eight/thursday/game_tracker/app/controllers/static_controller.rb": [
        1,
        1,
        null,
        null
      ],
      "/Users/Jacob/theironyard/week_eight/thursday/game_tracker/spec/controllers/users_controller_spec.rb": [
        1,
        null,
        1,
        null,
        1,
        1,
        null,
        null,
        1,
        1,
        1,
        1,
        1,
        null,
        null,
        null,
        null,
        null
      ],
      "/Users/Jacob/theironyard/week_eight/thursday/game_tracker/app/controllers/users_controller.rb": [
        1,
        null
      ],
      "/Users/Jacob/theironyard/week_eight/thursday/game_tracker/spec/controllers/wants_controller_spec.rb": [
        1,
        null,
        1,
        null,
        null
      ],
      "/Users/Jacob/theironyard/week_eight/thursday/game_tracker/app/controllers/wants_controller.rb": [
        1,
        null
      ],
      "/Users/Jacob/theironyard/week_eight/thursday/game_tracker/spec/helpers/collections_helper_spec.rb": [
        1,
        null,
        null,
        null,
        null,
        null,
        null,
        null,
        null,
        null,
        null,
        null,
        1,
        1,
        null
      ],
      "/Users/Jacob/theironyard/week_eight/thursday/game_tracker/spec/helpers/static_helper_spec.rb": [
        1,
        null,
        null,
        null,
        null,
        null,
        null,
        null,
        null,
        null,
        null,
        null,
        1,
        1,
        null
      ],
      "/Users/Jacob/theironyard/week_eight/thursday/game_tracker/spec/helpers/users_helper_spec.rb": [
        1,
        null,
        null,
        null,
        null,
        null,
        null,
        null,
        null,
        null,
        null,
        null,
        1,
        1,
        null
      ],
      "/Users/Jacob/theironyard/week_eight/thursday/game_tracker/spec/helpers/wants_helper_spec.rb": [
        1,
        null,
        null,
        null,
        null,
        null,
        null,
        null,
        null,
        null,
        null,
        null,
        1,
        1,
        null
      ],
      "/Users/Jacob/theironyard/week_eight/thursday/game_tracker/spec/models/collection_spec.rb": [
        1,
        null,
        1,
        1,
        null
      ],
      "/Users/Jacob/theironyard/week_eight/thursday/game_tracker/app/models/collection.rb": [
        1,
        1,
        1,
        null,
        null,
        null,
        null,
        1,
        null
      ],
      "/Users/Jacob/theironyard/week_eight/thursday/game_tracker/spec/models/user_spec.rb": [
        1,
        null,
        1,
        1,
        null
      ],
      "/Users/Jacob/theironyard/week_eight/thursday/game_tracker/spec/models/want_spec.rb": [
        1,
        null,
        1,
        1,
        null
      ],
      "/Users/Jacob/theironyard/week_eight/thursday/game_tracker/app/models/want.rb": [
        1,
        1,
        1,
        null,
        null,
        null,
        null,
        1,
        null
      ],
      "/Users/Jacob/theironyard/week_eight/thursday/game_tracker/spec/views/static/index.html.erb_spec.rb": [
        1,
        null,
        1,
        1,
        null
      ]
    },
    "timestamp": 1425059922
  }
}
